<?xml version="1.0" encoding="UTF-8"?>
<testsuite xmlns:xsi="http://www.w3.org/2001/XMLSchema-instance" xsi:noNamespaceSchemaLocation="https://maven.apache.org/surefire/maven-surefire-plugin/xsd/surefire-test-report-3.0.xsd" version="3.0" name="com.isa.EvaluadorServiceTest" time="1.04" tests="14" errors="0" skipped="0" failures="0">
  <properties>
[...]
</properties>
  <testcase name="testComparacionNumerica" classname="com.isa.EvaluadorServiceTest" time="0.031">
    <system-out><![CDATA[🔧 Iniciando entorno de pruebas...
]]></system-out>
  </testcase>
  <testcase name="testMapaContieneClave" classname="com.isa.EvaluadorServiceTest" time="0.015"/>
  <testcase name="testListaContieneElemento" classname="com.isa.EvaluadorServiceTest" time="0.0"/>
  <testcase name="testPlaceholderInicialTieneEstadoProcessing" classname="com.isa.EvaluadorServiceTest" time="0.018"/>
  <testcase name="testListaVacia" classname="com.isa.EvaluadorServiceTest" time="0.0"/>
  <testcase name="testSumaBasica" classname="com.isa.EvaluadorServiceTest" time="0.0"/>
  <testcase name="testCadenaNoVacia" classname="com.isa.EvaluadorServiceTest" time="0.044"/>
  <testcase name="testEvaluacionAsyncGeneraID" classname="com.isa.EvaluadorServiceTest" time="0.016"/>
  <testcase name="testEvaluadorServiceNoNulo" classname="com.isa.EvaluadorServiceTest" time="0.0"/>
  <testcase name="testStringMayusculas" classname="com.isa.EvaluadorServiceTest" time="0.0"/>
  <testcase name="testBooleanNegacion" classname="com.isa.EvaluadorServiceTest" time="0.0"/>
  <testcase name="testCleanupOldNoLanzaErrores" classname="com.isa.EvaluadorServiceTest" time="0.016"/>
  <testcase name="testDivisionSegura" classname="com.isa.EvaluadorServiceTest" time="0.004"/>
  <testcase name="testEvalResultSettersYGetters" classname="com.isa.EvaluadorServiceTest" time="0.0"/>
</testsuite>